{"/media/vishal/661C2F7F1C2F497F/React native/Features/Work/Typescript/Messages/src/Animations/ScaleAnimation.tsx": {"path":"/media/vishal/661C2F7F1C2F497F/React native/Features/Work/Typescript/Messages/src/Animations/ScaleAnimation.tsx","statementMap":{"0":{"start":{"line":5,"column":23},"end":{"line":43,"column":2}},"1":{"start":{"line":6,"column":16},"end":{"line":6,"column":59}},"2":{"start":{"line":7,"column":20},"end":{"line":11,"column":4}},"3":{"start":{"line":13,"column":2},"end":{"line":18,"column":5}},"4":{"start":{"line":14,"column":4},"end":{"line":14,"column":22}},"5":{"start":{"line":15,"column":4},"end":{"line":17,"column":6}},"6":{"start":{"line":16,"column":6},"end":{"line":16,"column":24}},"7":{"start":{"line":19,"column":2},"end":{"line":42,"column":4}},"8":{"start":{"line":45,"column":25},"end":{"line":89,"column":1}},"9":{"start":{"line":52,"column":16},"end":{"line":52,"column":59}},"10":{"start":{"line":53,"column":20},"end":{"line":58,"column":6}},"11":{"start":{"line":54,"column":4},"end":{"line":58,"column":6}},"12":{"start":{"line":60,"column":18},"end":{"line":60,"column":71}},"13":{"start":{"line":61,"column":18},"end":{"line":61,"column":47}},"14":{"start":{"line":63,"column":2},"end":{"line":88,"column":4}},"15":{"start":{"line":68,"column":10},"end":{"line":68,"column":34}},"16":{"start":{"line":71,"column":10},"end":{"line":71,"column":34}},"17":{"start":{"line":72,"column":10},"end":{"line":72,"column":24}},"18":{"start":{"line":75,"column":10},"end":{"line":75,"column":30}},"19":{"start":{"line":80,"column":10},"end":{"line":82,"column":13}},"20":{"start":{"line":81,"column":12},"end":{"line":81,"column":28}},"21":{"start":{"line":83,"column":10},"end":{"line":83,"column":26}}},"fnMap":{"0":{"name":"(anonymous_0)","decl":{"start":{"line":5,"column":34},"end":{"line":5,"column":35}},"loc":{"start":{"line":5,"column":70},"end":{"line":43,"column":1}},"line":5},"1":{"name":"(anonymous_1)","decl":{"start":{"line":13,"column":18},"end":{"line":13,"column":19}},"loc":{"start":{"line":13,"column":24},"end":{"line":18,"column":3}},"line":13},"2":{"name":"(anonymous_2)","decl":{"start":{"line":15,"column":11},"end":{"line":15,"column":12}},"loc":{"start":{"line":15,"column":17},"end":{"line":17,"column":5}},"line":15},"3":{"name":"(anonymous_3)","decl":{"start":{"line":45,"column":25},"end":{"line":45,"column":26}},"loc":{"start":{"line":51,"column":6},"end":{"line":89,"column":1}},"line":51},"4":{"name":"(anonymous_4)","decl":{"start":{"line":53,"column":20},"end":{"line":53,"column":21}},"loc":{"start":{"line":54,"column":4},"end":{"line":58,"column":6}},"line":54},"5":{"name":"(anonymous_5)","decl":{"start":{"line":67,"column":19},"end":{"line":67,"column":20}},"loc":{"start":{"line":67,"column":25},"end":{"line":69,"column":9}},"line":67},"6":{"name":"(anonymous_6)","decl":{"start":{"line":70,"column":20},"end":{"line":70,"column":21}},"loc":{"start":{"line":70,"column":26},"end":{"line":73,"column":9}},"line":70},"7":{"name":"(anonymous_7)","decl":{"start":{"line":74,"column":21},"end":{"line":74,"column":22}},"loc":{"start":{"line":74,"column":27},"end":{"line":76,"column":9}},"line":74},"8":{"name":"(anonymous_8)","decl":{"start":{"line":79,"column":17},"end":{"line":79,"column":18}},"loc":{"start":{"line":79,"column":23},"end":{"line":84,"column":9}},"line":79},"9":{"name":"(anonymous_9)","decl":{"start":{"line":80,"column":24},"end":{"line":80,"column":25}},"loc":{"start":{"line":80,"column":30},"end":{"line":82,"column":11}},"line":80}},"branchMap":{},"s":{"0":1,"1":0,"2":0,"3":0,"4":0,"5":0,"6":0,"7":0,"8":1,"9":0,"10":0,"11":0,"12":0,"13":0,"14":0,"15":0,"16":0,"17":0,"18":0,"19":0,"20":0,"21":0},"f":{"0":0,"1":0,"2":0,"3":0,"4":0,"5":0,"6":0,"7":0,"8":0,"9":0},"b":{},"_coverageSchema":"1a1c01bbd47fc00a2c39e90264f33305004495a9","hash":"cbe3175ba5b9ff8ce4053323d1aa977ac169929e"}
,"/media/vishal/661C2F7F1C2F497F/React native/Features/Work/Typescript/Messages/src/components/StaggeredView.tsx": {"path":"/media/vishal/661C2F7F1C2F497F/React native/Features/Work/Typescript/Messages/src/components/StaggeredView.tsx","statementMap":{"0":{"start":{"line":8,"column":14},"end":{"line":8,"column":40}},"1":{"start":{"line":9,"column":25},"end":{"line":9,"column":47}},"2":{"start":{"line":11,"column":14},"end":{"line":42,"column":1}},"3":{"start":{"line":19,"column":2},"end":{"line":41,"column":4}},"4":{"start":{"line":24,"column":8},"end":{"line":24,"column":45}},"5":{"start":{"line":43,"column":16},"end":{"line":84,"column":1}},"6":{"start":{"line":48,"column":16},"end":{"line":48,"column":36}},"7":{"start":{"line":49,"column":4},"end":{"line":82,"column":6}},"8":{"start":{"line":86,"column":16},"end":{"line":123,"column":1}},"9":{"start":{"line":91,"column":4},"end":{"line":121,"column":6}},"10":{"start":{"line":125,"column":18},"end":{"line":187,"column":1}},"11":{"start":{"line":130,"column":16},"end":{"line":130,"column":36}},"12":{"start":{"line":132,"column":4},"end":{"line":185,"column":6}}},"fnMap":{"0":{"name":"(anonymous_0)","decl":{"start":{"line":11,"column":14},"end":{"line":11,"column":15}},"loc":{"start":{"line":18,"column":19},"end":{"line":42,"column":1}},"line":18},"1":{"name":"(anonymous_1)","decl":{"start":{"line":21,"column":13},"end":{"line":21,"column":14}},"loc":{"start":{"line":21,"column":19},"end":{"line":21,"column":21}},"line":21},"2":{"name":"(anonymous_2)","decl":{"start":{"line":23,"column":19},"end":{"line":23,"column":20}},"loc":{"start":{"line":23,"column":25},"end":{"line":25,"column":7}},"line":23},"3":{"name":"(anonymous_3)","decl":{"start":{"line":26,"column":15},"end":{"line":26,"column":16}},"loc":{"start":{"line":26,"column":21},"end":{"line":26,"column":23}},"line":26},"4":{"name":"(anonymous_4)","decl":{"start":{"line":44,"column":2},"end":{"line":44,"column":3}},"loc":{"start":{"line":47,"column":21},"end":{"line":83,"column":3}},"line":47},"5":{"name":"(anonymous_5)","decl":{"start":{"line":87,"column":2},"end":{"line":87,"column":3}},"loc":{"start":{"line":90,"column":21},"end":{"line":122,"column":3}},"line":90},"6":{"name":"(anonymous_6)","decl":{"start":{"line":126,"column":2},"end":{"line":126,"column":3}},"loc":{"start":{"line":129,"column":21},"end":{"line":186,"column":3}},"line":129}},"branchMap":{},"s":{"0":1,"1":1,"2":1,"3":0,"4":0,"5":1,"6":0,"7":0,"8":1,"9":0,"10":1,"11":0,"12":0},"f":{"0":0,"1":0,"2":0,"3":0,"4":0,"5":0,"6":0},"b":{},"_coverageSchema":"1a1c01bbd47fc00a2c39e90264f33305004495a9","hash":"622952ff901a12aa526accd7c2eabf28c3e40805"}
,"/media/vishal/661C2F7F1C2F497F/React native/Features/Work/Typescript/Messages/src/constants/styles.tsx": {"path":"/media/vishal/661C2F7F1C2F497F/React native/Features/Work/Typescript/Messages/src/constants/styles.tsx","statementMap":{"0":{"start":{"line":4,"column":24},"end":{"line":4,"column":48}},"1":{"start":{"line":6,"column":22},"end":{"line":15,"column":1}},"2":{"start":{"line":17,"column":28},"end":{"line":21,"column":1}},"3":{"start":{"line":23,"column":28},"end":{"line":52,"column":2}}},"fnMap":{},"branchMap":{},"s":{"0":1,"1":1,"2":1,"3":1},"f":{},"b":{},"_coverageSchema":"1a1c01bbd47fc00a2c39e90264f33305004495a9","hash":"a8d02fb50ee33530f694572d4be9c174475ec973"}
,"/media/vishal/661C2F7F1C2F497F/React native/Features/Work/Typescript/Messages/src/helpers/Images.ts": {"path":"/media/vishal/661C2F7F1C2F497F/React native/Features/Work/Typescript/Messages/src/helpers/Images.ts","statementMap":{"0":{"start":{"line":1,"column":30},"end":{"line":10,"column":1}},"1":{"start":{"line":2,"column":23},"end":{"line":2,"column":25}},"2":{"start":{"line":3,"column":2},"end":{"line":7,"column":3}},"3":{"start":{"line":3,"column":15},"end":{"line":3,"column":16}},"4":{"start":{"line":4,"column":18},"end":{"line":4,"column":64}},"5":{"start":{"line":5,"column":16},"end":{"line":5,"column":82}},"6":{"start":{"line":6,"column":4},"end":{"line":6,"column":19}},"7":{"start":{"line":9,"column":2},"end":{"line":9,"column":14}},"8":{"start":{"line":12,"column":30},"end":{"line":18,"column":1}},"9":{"start":{"line":13,"column":19},"end":{"line":13,"column":28}},"10":{"start":{"line":14,"column":13},"end":{"line":14,"column":26}},"11":{"start":{"line":15,"column":2},"end":{"line":15,"column":39}},"12":{"start":{"line":16,"column":2},"end":{"line":16,"column":20}},"13":{"start":{"line":17,"column":2},"end":{"line":17,"column":14}},"14":{"start":{"line":20,"column":28},"end":{"line":22,"column":1}},"15":{"start":{"line":21,"column":2},"end":{"line":21,"column":59}}},"fnMap":{"0":{"name":"(anonymous_0)","decl":{"start":{"line":1,"column":30},"end":{"line":1,"column":31}},"loc":{"start":{"line":1,"column":68},"end":{"line":10,"column":1}},"line":1},"1":{"name":"(anonymous_1)","decl":{"start":{"line":12,"column":30},"end":{"line":12,"column":31}},"loc":{"start":{"line":12,"column":60},"end":{"line":18,"column":1}},"line":12},"2":{"name":"(anonymous_2)","decl":{"start":{"line":20,"column":28},"end":{"line":20,"column":29}},"loc":{"start":{"line":20,"column":51},"end":{"line":22,"column":1}},"line":20}},"branchMap":{"0":{"loc":{"start":{"line":12,"column":31},"end":{"line":12,"column":38}},"type":"default-arg","locations":[{"start":{"line":12,"column":37},"end":{"line":12,"column":38}}],"line":12},"1":{"loc":{"start":{"line":12,"column":40},"end":{"line":12,"column":47}},"type":"default-arg","locations":[{"start":{"line":12,"column":46},"end":{"line":12,"column":47}}],"line":12}},"s":{"0":1,"1":0,"2":0,"3":0,"4":0,"5":0,"6":0,"7":0,"8":1,"9":0,"10":0,"11":0,"12":0,"13":0,"14":1,"15":0},"f":{"0":0,"1":0,"2":0},"b":{"0":[0],"1":[0]},"_coverageSchema":"1a1c01bbd47fc00a2c39e90264f33305004495a9","hash":"d97c715402ed6284bbb21ec11a6f2b72721dca82"}
,"/media/vishal/661C2F7F1C2F497F/React native/Features/Work/Typescript/Messages/src/screens/ExploreScreen.tsx": {"path":"/media/vishal/661C2F7F1C2F497F/React native/Features/Work/Typescript/Messages/src/screens/ExploreScreen.tsx","statementMap":{"0":{"start":{"line":8,"column":22},"end":{"line":93,"column":1}},"1":{"start":{"line":9,"column":30},"end":{"line":9,"column":68}},"2":{"start":{"line":10,"column":28},"end":{"line":12,"column":4}},"3":{"start":{"line":13,"column":15},"end":{"line":13,"column":40}},"4":{"start":{"line":15,"column":21},"end":{"line":30,"column":3}},"5":{"start":{"line":17,"column":6},"end":{"line":19,"column":7}},"6":{"start":{"line":18,"column":8},"end":{"line":18,"column":67}},"7":{"start":{"line":20,"column":6},"end":{"line":22,"column":7}},"8":{"start":{"line":21,"column":8},"end":{"line":21,"column":65}},"9":{"start":{"line":23,"column":6},"end":{"line":27,"column":7}},"10":{"start":{"line":24,"column":8},"end":{"line":24,"column":65}},"11":{"start":{"line":26,"column":8},"end":{"line":26,"column":65}},"12":{"start":{"line":32,"column":2},"end":{"line":92,"column":4}},"13":{"start":{"line":53,"column":10},"end":{"line":53,"column":34}},"14":{"start":{"line":75,"column":30},"end":{"line":75,"column":40}},"15":{"start":{"line":85,"column":10},"end":{"line":87,"column":13}},"16":{"start":{"line":86,"column":12},"end":{"line":86,"column":59}}},"fnMap":{"0":{"name":"(anonymous_0)","decl":{"start":{"line":8,"column":22},"end":{"line":8,"column":23}},"loc":{"start":{"line":8,"column":41},"end":{"line":93,"column":1}},"line":8},"1":{"name":"(anonymous_1)","decl":{"start":{"line":16,"column":4},"end":{"line":16,"column":5}},"loc":{"start":{"line":16,"column":43},"end":{"line":28,"column":5}},"line":16},"2":{"name":"(anonymous_2)","decl":{"start":{"line":52,"column":17},"end":{"line":52,"column":18}},"loc":{"start":{"line":52,"column":23},"end":{"line":54,"column":9}},"line":52},"3":{"name":"(anonymous_3)","decl":{"start":{"line":75,"column":22},"end":{"line":75,"column":23}},"loc":{"start":{"line":75,"column":30},"end":{"line":75,"column":40}},"line":75},"4":{"name":"(anonymous_4)","decl":{"start":{"line":84,"column":22},"end":{"line":84,"column":23}},"loc":{"start":{"line":84,"column":28},"end":{"line":88,"column":9}},"line":84},"5":{"name":"(anonymous_5)","decl":{"start":{"line":85,"column":20},"end":{"line":85,"column":21}},"loc":{"start":{"line":85,"column":33},"end":{"line":87,"column":11}},"line":85}},"branchMap":{"0":{"loc":{"start":{"line":17,"column":6},"end":{"line":19,"column":7}},"type":"if","locations":[{"start":{"line":17,"column":6},"end":{"line":19,"column":7}},{"start":{},"end":{}}],"line":17},"1":{"loc":{"start":{"line":20,"column":6},"end":{"line":22,"column":7}},"type":"if","locations":[{"start":{"line":20,"column":6},"end":{"line":22,"column":7}},{"start":{},"end":{}}],"line":20},"2":{"loc":{"start":{"line":20,"column":10},"end":{"line":20,"column":54}},"type":"binary-expr","locations":[{"start":{"line":20,"column":10},"end":{"line":20,"column":27}},{"start":{"line":20,"column":31},"end":{"line":20,"column":54}}],"line":20},"3":{"loc":{"start":{"line":23,"column":6},"end":{"line":27,"column":7}},"type":"if","locations":[{"start":{"line":23,"column":6},"end":{"line":27,"column":7}},{"start":{"line":25,"column":13},"end":{"line":27,"column":7}}],"line":23},"4":{"loc":{"start":{"line":46,"column":19},"end":{"line":46,"column":57}},"type":"cond-expr","locations":[{"start":{"line":46,"column":42},"end":{"line":46,"column":48}},{"start":{"line":46,"column":51},"end":{"line":46,"column":57}}],"line":46},"5":{"loc":{"start":{"line":56,"column":11},"end":{"line":70,"column":11}},"type":"cond-expr","locations":[{"start":{"line":57,"column":12},"end":{"line":67,"column":29}},{"start":{"line":69,"column":12},"end":{"line":69,"column":20}}],"line":56},"6":{"loc":{"start":{"line":74,"column":14},"end":{"line":74,"column":68}},"type":"cond-expr","locations":[{"start":{"line":74,"column":47},"end":{"line":74,"column":49}},{"start":{"line":74,"column":52},"end":{"line":74,"column":68}}],"line":74},"7":{"loc":{"start":{"line":81,"column":19},"end":{"line":81,"column":49}},"type":"cond-expr","locations":[{"start":{"line":81,"column":42},"end":{"line":81,"column":43}},{"start":{"line":81,"column":46},"end":{"line":81,"column":49}}],"line":81},"8":{"loc":{"start":{"line":82,"column":27},"end":{"line":82,"column":67}},"type":"cond-expr","locations":[{"start":{"line":82,"column":50},"end":{"line":82,"column":57}},{"start":{"line":82,"column":60},"end":{"line":82,"column":67}}],"line":82}},"s":{"0":1,"1":2,"2":2,"3":2,"4":2,"5":0,"6":0,"7":0,"8":0,"9":0,"10":0,"11":0,"12":2,"13":0,"14":0,"15":0,"16":0},"f":{"0":2,"1":0,"2":0,"3":0,"4":0,"5":0},"b":{"0":[0,0],"1":[0,0],"2":[0,0],"3":[0,0],"4":[2,0],"5":[0,2],"6":[2,0],"7":[2,0],"8":[0,2]},"_coverageSchema":"1a1c01bbd47fc00a2c39e90264f33305004495a9","hash":"cfaba5a3cd672e3cda1627fb979a639d51e1ec34"}
,"/media/vishal/661C2F7F1C2F497F/React native/Features/Work/Typescript/Messages/src/store/ImageReducer.ts": {"path":"/media/vishal/661C2F7F1C2F497F/React native/Features/Work/Typescript/Messages/src/store/ImageReducer.ts","statementMap":{"0":{"start":{"line":4,"column":25},"end":{"line":42,"column":2}},"1":{"start":{"line":12,"column":25},"end":{"line":41,"column":3}},"2":{"start":{"line":17,"column":24},"end":{"line":17,"column":26}},"3":{"start":{"line":18,"column":23},"end":{"line":18,"column":50}},"4":{"start":{"line":19,"column":8},"end":{"line":21,"column":9}},"5":{"start":{"line":19,"column":21},"end":{"line":19,"column":22}},"6":{"start":{"line":20,"column":10},"end":{"line":20,"column":44}},"7":{"start":{"line":22,"column":8},"end":{"line":24,"column":9}},"8":{"start":{"line":22,"column":21},"end":{"line":22,"column":39}},"9":{"start":{"line":23,"column":10},"end":{"line":23,"column":44}},"10":{"start":{"line":25,"column":8},"end":{"line":25,"column":39}},"11":{"start":{"line":25,"column":24},"end":{"line":25,"column":37}},"12":{"start":{"line":26,"column":8},"end":{"line":26,"column":20}},"13":{"start":{"line":29,"column":8},"end":{"line":29,"column":28}},"14":{"start":{"line":32,"column":8},"end":{"line":32,"column":55}},"15":{"start":{"line":34,"column":8},"end":{"line":34,"column":47}},"16":{"start":{"line":35,"column":8},"end":{"line":35,"column":32}},"17":{"start":{"line":38,"column":8},"end":{"line":38,"column":42}},"18":{"start":{"line":43,"column":35},"end":{"line":43,"column":44}}},"fnMap":{"0":{"name":"(anonymous_0)","decl":{"start":{"line":12,"column":13},"end":{"line":12,"column":14}},"loc":{"start":{"line":12,"column":25},"end":{"line":41,"column":3}},"line":12},"1":{"name":"(anonymous_1)","decl":{"start":{"line":14,"column":6},"end":{"line":14,"column":7}},"loc":{"start":{"line":16,"column":28},"end":{"line":27,"column":7}},"line":16},"2":{"name":"(anonymous_2)","decl":{"start":{"line":25,"column":18},"end":{"line":25,"column":19}},"loc":{"start":{"line":25,"column":24},"end":{"line":25,"column":37}},"line":25},"3":{"name":"(anonymous_3)","decl":{"start":{"line":28,"column":26},"end":{"line":28,"column":27}},"loc":{"start":{"line":28,"column":46},"end":{"line":30,"column":7}},"line":28},"4":{"name":"(anonymous_4)","decl":{"start":{"line":31,"column":13},"end":{"line":31,"column":14}},"loc":{"start":{"line":32,"column":8},"end":{"line":32,"column":55}},"line":32},"5":{"name":"(anonymous_5)","decl":{"start":{"line":33,"column":6},"end":{"line":33,"column":7}},"loc":{"start":{"line":33,"column":56},"end":{"line":36,"column":7}},"line":33},"6":{"name":"(anonymous_6)","decl":{"start":{"line":37,"column":6},"end":{"line":37,"column":7}},"loc":{"start":{"line":37,"column":46},"end":{"line":39,"column":7}},"line":37}},"branchMap":{},"s":{"0":1,"1":1,"2":0,"3":0,"4":0,"5":0,"6":0,"7":0,"8":0,"9":0,"10":0,"11":0,"12":0,"13":4,"14":1,"15":0,"16":0,"17":1,"18":1},"f":{"0":1,"1":0,"2":0,"3":4,"4":1,"5":0,"6":1},"b":{},"_coverageSchema":"1a1c01bbd47fc00a2c39e90264f33305004495a9","hash":"7960dcb2d22f578a55ad9c28a65c780fe7a4fe6f"}
,"/media/vishal/661C2F7F1C2F497F/React native/Features/Work/Typescript/Messages/src/store/store.ts": {"path":"/media/vishal/661C2F7F1C2F497F/React native/Features/Work/Typescript/Messages/src/store/store.ts","statementMap":{"0":{"start":{"line":6,"column":21},"end":{"line":12,"column":2}},"1":{"start":{"line":11,"column":4},"end":{"line":11,"column":55}},"2":{"start":{"line":13,"column":0},"end":{"line":13,"column":31}}},"fnMap":{"0":{"name":"(anonymous_0)","decl":{"start":{"line":10,"column":14},"end":{"line":10,"column":15}},"loc":{"start":{"line":11,"column":4},"end":{"line":11,"column":55}},"line":11}},"branchMap":{},"s":{"0":1,"1":1,"2":1},"f":{"0":1},"b":{},"_coverageSchema":"1a1c01bbd47fc00a2c39e90264f33305004495a9","hash":"b844360fbeaa15f2b49e292762a77692a741cb19"}
}
