TN:
SF:src/Animations/ScaleAnimation.tsx
FN:5,(anonymous_0)
FN:13,(anonymous_1)
FN:15,(anonymous_2)
FN:45,(anonymous_3)
FN:53,(anonymous_4)
FN:67,(anonymous_5)
FN:70,(anonymous_6)
FN:74,(anonymous_7)
FN:79,(anonymous_8)
FN:80,(anonymous_9)
FNF:10
FNH:0
FNDA:0,(anonymous_0)
FNDA:0,(anonymous_1)
FNDA:0,(anonymous_2)
FNDA:0,(anonymous_3)
FNDA:0,(anonymous_4)
FNDA:0,(anonymous_5)
FNDA:0,(anonymous_6)
FNDA:0,(anonymous_7)
FNDA:0,(anonymous_8)
FNDA:0,(anonymous_9)
DA:5,1
DA:6,0
DA:7,0
DA:13,0
DA:14,0
DA:15,0
DA:16,0
DA:19,0
DA:45,1
DA:52,0
DA:53,0
DA:54,0
DA:60,0
DA:61,0
DA:63,0
DA:68,0
DA:71,0
DA:72,0
DA:75,0
DA:80,0
DA:81,0
DA:83,0
LF:22
LH:2
BRF:0
BRH:0
end_of_record
TN:
SF:src/components/StaggeredView.tsx
FN:11,(anonymous_0)
FN:21,(anonymous_1)
FN:23,(anonymous_2)
FN:26,(anonymous_3)
FN:44,(anonymous_4)
FN:87,(anonymous_5)
FN:126,(anonymous_6)
FNF:7
FNH:0
FNDA:0,(anonymous_0)
FNDA:0,(anonymous_1)
FNDA:0,(anonymous_2)
FNDA:0,(anonymous_3)
FNDA:0,(anonymous_4)
FNDA:0,(anonymous_5)
FNDA:0,(anonymous_6)
DA:8,1
DA:9,1
DA:11,1
DA:19,0
DA:24,0
DA:43,1
DA:48,0
DA:49,0
DA:86,1
DA:91,0
DA:125,1
DA:130,0
DA:132,0
LF:13
LH:6
BRF:0
BRH:0
end_of_record
TN:
SF:src/constants/styles.tsx
FNF:0
FNH:0
DA:4,1
DA:6,1
DA:17,1
DA:23,1
LF:4
LH:4
BRF:0
BRH:0
end_of_record
TN:
SF:src/helpers/Images.ts
FN:1,(anonymous_0)
FN:12,(anonymous_1)
FN:20,(anonymous_2)
FNF:3
FNH:0
FNDA:0,(anonymous_0)
FNDA:0,(anonymous_1)
FNDA:0,(anonymous_2)
DA:1,1
DA:2,0
DA:3,0
DA:4,0
DA:5,0
DA:6,0
DA:9,0
DA:12,1
DA:13,0
DA:14,0
DA:15,0
DA:16,0
DA:17,0
DA:20,1
DA:21,0
LF:15
LH:3
BRDA:12,0,0,0
BRDA:12,1,0,0
BRF:2
BRH:0
end_of_record
TN:
SF:src/screens/ExploreScreen.tsx
FN:8,(anonymous_0)
FN:16,(anonymous_1)
FN:52,(anonymous_2)
FN:75,(anonymous_3)
FN:84,(anonymous_4)
FN:85,(anonymous_5)
FNF:6
FNH:1
FNDA:2,(anonymous_0)
FNDA:0,(anonymous_1)
FNDA:0,(anonymous_2)
FNDA:0,(anonymous_3)
FNDA:0,(anonymous_4)
FNDA:0,(anonymous_5)
DA:8,1
DA:9,2
DA:10,2
DA:13,2
DA:15,2
DA:17,0
DA:18,0
DA:20,0
DA:21,0
DA:23,0
DA:24,0
DA:26,0
DA:32,2
DA:53,0
DA:75,0
DA:85,0
DA:86,0
LF:17
LH:6
BRDA:17,0,0,0
BRDA:17,0,1,0
BRDA:20,1,0,0
BRDA:20,1,1,0
BRDA:20,2,0,0
BRDA:20,2,1,0
BRDA:23,3,0,0
BRDA:23,3,1,0
BRDA:46,4,0,2
BRDA:46,4,1,0
BRDA:56,5,0,0
BRDA:56,5,1,2
BRDA:74,6,0,2
BRDA:74,6,1,0
BRDA:81,7,0,2
BRDA:81,7,1,0
BRDA:82,8,0,0
BRDA:82,8,1,2
BRF:18
BRH:5
end_of_record
TN:
SF:src/store/ImageReducer.ts
FN:12,(anonymous_0)
FN:14,(anonymous_1)
FN:25,(anonymous_2)
FN:28,(anonymous_3)
FN:31,(anonymous_4)
FN:33,(anonymous_5)
FN:37,(anonymous_6)
FNF:7
FNH:4
FNDA:1,(anonymous_0)
FNDA:0,(anonymous_1)
FNDA:0,(anonymous_2)
FNDA:4,(anonymous_3)
FNDA:1,(anonymous_4)
FNDA:0,(anonymous_5)
FNDA:1,(anonymous_6)
DA:4,1
DA:12,1
DA:17,0
DA:18,0
DA:19,0
DA:20,0
DA:22,0
DA:23,0
DA:25,0
DA:26,0
DA:29,4
DA:32,1
DA:34,0
DA:35,0
DA:38,1
DA:43,1
LF:16
LH:6
BRF:0
BRH:0
end_of_record
TN:
SF:src/store/store.ts
FN:10,(anonymous_0)
FNF:1
FNH:1
FNDA:1,(anonymous_0)
DA:6,1
DA:11,1
DA:13,1
LF:3
LH:3
BRF:0
BRH:0
end_of_record
